This Code Create For PHP Exam/Project + API no frontend just backend
Developed By : Shayan Ghadamian

========================================================================================


1.0.5 Version :

    Becuase we run on localhost so we can`t accese to subdomain so i set port
    API port : 45
    Other Page Port : 800
    Set json to DataBase
    Add Dashboard

Date Coding : 3/5/2025

========================================================================================

2.1.3 Version :

    Add token-based API :
        Why Use It?
            More secure than sending passwords every time
            Makes mobile app or SPA (Single Page App) integration easier
            Allows access control and expiration

Date Coding : 4/5/2025

========================================================================================

4.2.6 Version :

    When a user logs in, a random token is generated.
    That token is saved to log.json and the session.
    You can use ?token=XYZ to auto-login — only once, unless you`re still logged in.

Coding Date : 5/5/2025 = 6/5/2025

========================================================================================

8.5.2 Version :

    Login generates a new random token.
    Token is only valid for 10 minutes.
    Token stored in log.json with token_time.
    API (api.php) allows access only with valid token.

========================================================================================

17.0.4 Version :

    Add Limit API Access
    Add remember me option with longer token expiry.

=======================================================================================

34.0.8 Version :

